<?xml version="1.0" encoding="UTF-8"?>
<!-- Generated by org.testng.reporters.JUnitReportReporter -->
<testsuite skipped="0" hostname="LAPTOP-DF5CB6SE" name="com.grapeapp.qa.testcases.HomePageTests" tests="1" failures="0" timestamp="23 Oct 2018 13:17:04 GMT" time="18.697" errors="0">
  <testcase name="testTitle" time="18.697" classname="com.grapeapp.qa.testcases.HomePageTests"/>
</testsuite> <!-- com.grapeapp.qa.testcases.HomePageTests -->
