<?xml version="1.0" encoding="UTF-8"?>
<!-- Generated by org.testng.reporters.JUnitReportReporter -->
<testsuite skipped="0" hostname="LAPTOP-DF5CB6SE" name="com.grapeapp.qa.testcases.CompanyPageTests" tests="1" failures="0" timestamp="23 Oct 2018 21:45:44 GMT" time="20.674" errors="0">
  <testcase name="testCompanyPhoneFromGrid" time="20.674" classname="com.grapeapp.qa.testcases.CompanyPageTests"/>
</testsuite> <!-- com.grapeapp.qa.testcases.CompanyPageTests -->
