<?xml version="1.0" encoding="UTF-8"?>
<!-- Generated by org.testng.reporters.JUnitReportReporter -->
<testsuite skipped="0" hostname="LAPTOP-DF5CB6SE" name="com.grapeapp.qa.testcases.LoginPageTests" tests="2" failures="0" timestamp="22 Oct 2018 20:25:07 GMT" time="38.950" errors="0">
  <testcase name="testTitle" time="20.628" classname="com.grapeapp.qa.testcases.LoginPageTests"/>
  <testcase name="testLogo" time="18.322" classname="com.grapeapp.qa.testcases.LoginPageTests"/>
</testsuite> <!-- com.grapeapp.qa.testcases.LoginPageTests -->
